Command line invocation:
    /Applications/Xcode.app/Contents/Developer/usr/bin/xcodebuild -scheme LevelFitness -destination "platform=iOS Simulator,name=iPhone 16,OS=latest" -derivedDataPath DerivedData build

--- xcodebuild: WARNING: Using the first of multiple matching destinations:
{ platform:iOS Simulator, arch:arm64, id:9FDC137B-E999-4C93-BCF3-010D85F78820, OS:18.5, name:iPhone 16 }
{ platform:iOS Simulator, arch:x86_64, id:9FDC137B-E999-4C93-BCF3-010D85F78820, OS:18.5, name:iPhone 16 }
ComputePackagePrebuildTargetDependencyGraph

Prepare packages

CreateBuildRequest

SendProjectDescription

CreateBuildOperation

ComputeTargetDependencyGraph
note: Building targets in dependency order
note: Target dependency graph (1 target)
    Target 'LevelFitness' in project 'LevelFitness' (no dependencies)

GatherProvisioningInputs

CreateBuildDescription

ExecuteExternalTool /Applications/Xcode.app/Contents/Developer/Toolchains/XcodeDefault.xctoolchain/usr/bin/clang -v -E -dM -isysroot /Applications/Xcode.app/Contents/Developer/Platforms/iPhoneSimulator.platform/Developer/SDKs/iPhoneSimulator18.5.sdk -x c -c /dev/null

ExecuteExternalTool /Applications/Xcode.app/Contents/Developer/usr/bin/ibtool --version --output-format xml1

ExecuteExternalTool /Applications/Xcode.app/Contents/Developer/usr/bin/actool --print-asset-tag-combinations --output-format xml1 /Users/dakotabrown/LevelFitness-IOS/LevelFitness/Assets.xcassets

ExecuteExternalTool /Applications/Xcode.app/Contents/Developer/usr/bin/actool --version --output-format xml1

ExecuteExternalTool /Applications/Xcode.app/Contents/Developer/Toolchains/XcodeDefault.xctoolchain/usr/bin/swiftc --version

ExecuteExternalTool /Applications/Xcode.app/Contents/Developer/Toolchains/XcodeDefault.xctoolchain/usr/bin/ld -version_details

Build description signature: e5461e231d74d5701aebec04943a0692
Build description path: /Users/dakotabrown/LevelFitness-IOS/DerivedData/Build/Intermediates.noindex/XCBuildData/e5461e231d74d5701aebec04943a0692.xcbuilddata
ClangStatCache /Applications/Xcode.app/Contents/Developer/Toolchains/XcodeDefault.xctoolchain/usr/bin/clang-stat-cache /Applications/Xcode.app/Contents/Developer/Platforms/iPhoneSimulator.platform/Developer/SDKs/iPhoneSimulator18.5.sdk /Users/dakotabrown/LevelFitness-IOS/DerivedData/SDKStatCaches.noindex/iphonesimulator18.5-22F76-d5fc8ad4295d2ef488fb7d0f804ce0c4.sdkstatcache
    cd /Users/dakotabrown/LevelFitness-IOS/LevelFitness.xcodeproj
    /Applications/Xcode.app/Contents/Developer/Toolchains/XcodeDefault.xctoolchain/usr/bin/clang-stat-cache /Applications/Xcode.app/Contents/Developer/Platforms/iPhoneSimulator.platform/Developer/SDKs/iPhoneSimulator18.5.sdk -o /Users/dakotabrown/LevelFitness-IOS/DerivedData/SDKStatCaches.noindex/iphonesimulator18.5-22F76-d5fc8ad4295d2ef488fb7d0f804ce0c4.sdkstatcache

CreateBuildDirectory /Users/dakotabrown/LevelFitness-IOS/DerivedData/Build/Products
    cd /Users/dakotabrown/LevelFitness-IOS/LevelFitness.xcodeproj
    builtin-create-build-directory /Users/dakotabrown/LevelFitness-IOS/DerivedData/Build/Products

CreateBuildDirectory /Users/dakotabrown/LevelFitness-IOS/DerivedData/Build/Intermediates.noindex
    cd /Users/dakotabrown/LevelFitness-IOS/LevelFitness.xcodeproj
    builtin-create-build-directory /Users/dakotabrown/LevelFitness-IOS/DerivedData/Build/Intermediates.noindex

CreateBuildDirectory /Users/dakotabrown/LevelFitness-IOS/DerivedData/Build/Products/Debug-iphonesimulator
    cd /Users/dakotabrown/LevelFitness-IOS/LevelFitness.xcodeproj
    builtin-create-build-directory /Users/dakotabrown/LevelFitness-IOS/DerivedData/Build/Products/Debug-iphonesimulator

CreateBuildDirectory /Users/dakotabrown/LevelFitness-IOS/DerivedData/Build/Intermediates.noindex/EagerLinkingTBDs/Debug-iphonesimulator
    cd /Users/dakotabrown/LevelFitness-IOS/LevelFitness.xcodeproj
    builtin-create-build-directory /Users/dakotabrown/LevelFitness-IOS/DerivedData/Build/Intermediates.noindex/EagerLinkingTBDs/Debug-iphonesimulator

WriteAuxiliaryFile /Users/dakotabrown/LevelFitness-IOS/DerivedData/Build/Intermediates.noindex/LevelFitness.build/Debug-iphonesimulator/LevelFitness-0b5dc75180e845f4b4874c4ee0a5d9fa-VFS-iphonesimulator/all-product-headers.yaml
    cd /Users/dakotabrown/LevelFitness-IOS/LevelFitness.xcodeproj
    write-file /Users/dakotabrown/LevelFitness-IOS/DerivedData/Build/Intermediates.noindex/LevelFitness.build/Debug-iphonesimulator/LevelFitness-0b5dc75180e845f4b4874c4ee0a5d9fa-VFS-iphonesimulator/all-product-headers.yaml

WriteAuxiliaryFile /Users/dakotabrown/LevelFitness-IOS/DerivedData/Build/Intermediates.noindex/LevelFitness.build/Debug-iphonesimulator/LevelFitness.build/LevelFitness-project-headers.hmap (in target 'LevelFitness' from project 'LevelFitness')
    cd /Users/dakotabrown/LevelFitness-IOS
    write-file /Users/dakotabrown/LevelFitness-IOS/DerivedData/Build/Intermediates.noindex/LevelFitness.build/Debug-iphonesimulator/LevelFitness.build/LevelFitness-project-headers.hmap

WriteAuxiliaryFile /Users/dakotabrown/LevelFitness-IOS/DerivedData/Build/Intermediates.noindex/LevelFitness.build/Debug-iphonesimulator/LevelFitness.build/LevelFitness.DependencyStaticMetadataFileList (in target 'LevelFitness' from project 'LevelFitness')
    cd /Users/dakotabrown/LevelFitness-IOS
    write-file /Users/dakotabrown/LevelFitness-IOS/DerivedData/Build/Intermediates.noindex/LevelFitness.build/Debug-iphonesimulator/LevelFitness.build/LevelFitness.DependencyStaticMetadataFileList

WriteAuxiliaryFile /Users/dakotabrown/LevelFitness-IOS/DerivedData/Build/Intermediates.noindex/LevelFitness.build/Debug-iphonesimulator/LevelFitness.build/LevelFitness.hmap (in target 'LevelFitness' from project 'LevelFitness')
    cd /Users/dakotabrown/LevelFitness-IOS
    write-file /Users/dakotabrown/LevelFitness-IOS/DerivedData/Build/Intermediates.noindex/LevelFitness.build/Debug-iphonesimulator/LevelFitness.build/LevelFitness.hmap

WriteAuxiliaryFile /Users/dakotabrown/LevelFitness-IOS/DerivedData/Build/Intermediates.noindex/LevelFitness.build/Debug-iphonesimulator/LevelFitness.build/LevelFitness-own-target-headers.hmap (in target 'LevelFitness' from project 'LevelFitness')
    cd /Users/dakotabrown/LevelFitness-IOS
    write-file /Users/dakotabrown/LevelFitness-IOS/DerivedData/Build/Intermediates.noindex/LevelFitness.build/Debug-iphonesimulator/LevelFitness.build/LevelFitness-own-target-headers.hmap

WriteAuxiliaryFile /Users/dakotabrown/LevelFitness-IOS/DerivedData/Build/Intermediates.noindex/LevelFitness.build/Debug-iphonesimulator/LevelFitness.build/Objects-normal/arm64/LevelFitness_const_extract_protocols.json (in target 'LevelFitness' from project 'LevelFitness')
    cd /Users/dakotabrown/LevelFitness-IOS
    write-file /Users/dakotabrown/LevelFitness-IOS/DerivedData/Build/Intermediates.noindex/LevelFitness.build/Debug-iphonesimulator/LevelFitness.build/Objects-normal/arm64/LevelFitness_const_extract_protocols.json

WriteAuxiliaryFile /Users/dakotabrown/LevelFitness-IOS/DerivedData/Build/Intermediates.noindex/LevelFitness.build/Debug-iphonesimulator/LevelFitness.build/Objects-normal/arm64/LevelFitness.SwiftConstValuesFileList (in target 'LevelFitness' from project 'LevelFitness')
    cd /Users/dakotabrown/LevelFitness-IOS
    write-file /Users/dakotabrown/LevelFitness-IOS/DerivedData/Build/Intermediates.noindex/LevelFitness.build/Debug-iphonesimulator/LevelFitness.build/Objects-normal/arm64/LevelFitness.SwiftConstValuesFileList

WriteAuxiliaryFile /Users/dakotabrown/LevelFitness-IOS/DerivedData/Build/Intermediates.noindex/LevelFitness.build/Debug-iphonesimulator/LevelFitness.build/Objects-normal/arm64/LevelFitness.LinkFileList (in target 'LevelFitness' from project 'LevelFitness')
    cd /Users/dakotabrown/LevelFitness-IOS
    write-file /Users/dakotabrown/LevelFitness-IOS/DerivedData/Build/Intermediates.noindex/LevelFitness.build/Debug-iphonesimulator/LevelFitness.build/Objects-normal/arm64/LevelFitness.LinkFileList

WriteAuxiliaryFile /Users/dakotabrown/LevelFitness-IOS/DerivedData/Build/Intermediates.noindex/LevelFitness.build/Debug-iphonesimulator/LevelFitness.build/Objects-normal/arm64/LevelFitness-OutputFileMap.json (in target 'LevelFitness' from project 'LevelFitness')
    cd /Users/dakotabrown/LevelFitness-IOS
    write-file /Users/dakotabrown/LevelFitness-IOS/DerivedData/Build/Intermediates.noindex/LevelFitness.build/Debug-iphonesimulator/LevelFitness.build/Objects-normal/arm64/LevelFitness-OutputFileMap.json

WriteAuxiliaryFile /Users/dakotabrown/LevelFitness-IOS/DerivedData/Build/Intermediates.noindex/LevelFitness.build/Debug-iphonesimulator/LevelFitness.build/Objects-normal/arm64/LevelFitness.SwiftFileList (in target 'LevelFitness' from project 'LevelFitness')
    cd /Users/dakotabrown/LevelFitness-IOS
    write-file /Users/dakotabrown/LevelFitness-IOS/DerivedData/Build/Intermediates.noindex/LevelFitness.build/Debug-iphonesimulator/LevelFitness.build/Objects-normal/arm64/LevelFitness.SwiftFileList

WriteAuxiliaryFile /Users/dakotabrown/LevelFitness-IOS/DerivedData/Build/Intermediates.noindex/LevelFitness.build/Debug-iphonesimulator/LevelFitness.build/LevelFitness.DependencyMetadataFileList (in target 'LevelFitness' from project 'LevelFitness')
    cd /Users/dakotabrown/LevelFitness-IOS
    write-file /Users/dakotabrown/LevelFitness-IOS/DerivedData/Build/Intermediates.noindex/LevelFitness.build/Debug-iphonesimulator/LevelFitness.build/LevelFitness.DependencyMetadataFileList

WriteAuxiliaryFile /Users/dakotabrown/LevelFitness-IOS/DerivedData/Build/Intermediates.noindex/LevelFitness.build/Debug-iphonesimulator/LevelFitness.build/LevelFitness-generated-files.hmap (in target 'LevelFitness' from project 'LevelFitness')
    cd /Users/dakotabrown/LevelFitness-IOS
    write-file /Users/dakotabrown/LevelFitness-IOS/DerivedData/Build/Intermediates.noindex/LevelFitness.build/Debug-iphonesimulator/LevelFitness.build/LevelFitness-generated-files.hmap

WriteAuxiliaryFile /Users/dakotabrown/LevelFitness-IOS/DerivedData/Build/Intermediates.noindex/LevelFitness.build/Debug-iphonesimulator/LevelFitness.build/LevelFitness-all-target-headers.hmap (in target 'LevelFitness' from project 'LevelFitness')
    cd /Users/dakotabrown/LevelFitness-IOS
    write-file /Users/dakotabrown/LevelFitness-IOS/DerivedData/Build/Intermediates.noindex/LevelFitness.build/Debug-iphonesimulator/LevelFitness.build/LevelFitness-all-target-headers.hmap

WriteAuxiliaryFile /Users/dakotabrown/LevelFitness-IOS/DerivedData/Build/Intermediates.noindex/LevelFitness.build/Debug-iphonesimulator/LevelFitness.build/LevelFitness-all-non-framework-target-headers.hmap (in target 'LevelFitness' from project 'LevelFitness')
    cd /Users/dakotabrown/LevelFitness-IOS
    write-file /Users/dakotabrown/LevelFitness-IOS/DerivedData/Build/Intermediates.noindex/LevelFitness.build/Debug-iphonesimulator/LevelFitness.build/LevelFitness-all-non-framework-target-headers.hmap

WriteAuxiliaryFile /Users/dakotabrown/LevelFitness-IOS/DerivedData/Build/Intermediates.noindex/LevelFitness.build/Debug-iphonesimulator/LevelFitness.build/LevelFitness-DebugDylibPath-normal-arm64.txt (in target 'LevelFitness' from project 'LevelFitness')
    cd /Users/dakotabrown/LevelFitness-IOS
    write-file /Users/dakotabrown/LevelFitness-IOS/DerivedData/Build/Intermediates.noindex/LevelFitness.build/Debug-iphonesimulator/LevelFitness.build/LevelFitness-DebugDylibPath-normal-arm64.txt

WriteAuxiliaryFile /Users/dakotabrown/LevelFitness-IOS/DerivedData/Build/Intermediates.noindex/LevelFitness.build/Debug-iphonesimulator/LevelFitness.build/LevelFitness-DebugDylibInstallName-normal-arm64.txt (in target 'LevelFitness' from project 'LevelFitness')
    cd /Users/dakotabrown/LevelFitness-IOS
    write-file /Users/dakotabrown/LevelFitness-IOS/DerivedData/Build/Intermediates.noindex/LevelFitness.build/Debug-iphonesimulator/LevelFitness.build/LevelFitness-DebugDylibInstallName-normal-arm64.txt

WriteAuxiliaryFile /Users/dakotabrown/LevelFitness-IOS/DerivedData/Build/Intermediates.noindex/LevelFitness.build/Debug-iphonesimulator/LevelFitness.build/DerivedSources/Entitlements-Simulated.plist (in target 'LevelFitness' from project 'LevelFitness')
    cd /Users/dakotabrown/LevelFitness-IOS
    write-file /Users/dakotabrown/LevelFitness-IOS/DerivedData/Build/Intermediates.noindex/LevelFitness.build/Debug-iphonesimulator/LevelFitness.build/DerivedSources/Entitlements-Simulated.plist

MkDir /Users/dakotabrown/LevelFitness-IOS/DerivedData/Build/Products/Debug-iphonesimulator/LevelFitness.app (in target 'LevelFitness' from project 'LevelFitness')
    cd /Users/dakotabrown/LevelFitness-IOS
    /bin/mkdir -p /Users/dakotabrown/LevelFitness-IOS/DerivedData/Build/Products/Debug-iphonesimulator/LevelFitness.app

ProcessProductPackaging "" /Users/dakotabrown/LevelFitness-IOS/DerivedData/Build/Intermediates.noindex/LevelFitness.build/Debug-iphonesimulator/LevelFitness.build/LevelFitness.app-Simulated.xcent (in target 'LevelFitness' from project 'LevelFitness')
    cd /Users/dakotabrown/LevelFitness-IOS
    
    Entitlements:
    
    {
    "application-identifier" = "SF8967F5M9.com.levelfitness.LevelFitness";
}
    
    builtin-productPackagingUtility -entitlements -format xml -o /Users/dakotabrown/LevelFitness-IOS/DerivedData/Build/Intermediates.noindex/LevelFitness.build/Debug-iphonesimulator/LevelFitness.build/LevelFitness.app-Simulated.xcent

ProcessProductPackagingDER /Users/dakotabrown/LevelFitness-IOS/DerivedData/Build/Intermediates.noindex/LevelFitness.build/Debug-iphonesimulator/LevelFitness.build/LevelFitness.app-Simulated.xcent /Users/dakotabrown/LevelFitness-IOS/DerivedData/Build/Intermediates.noindex/LevelFitness.build/Debug-iphonesimulator/LevelFitness.build/LevelFitness.app-Simulated.xcent.der (in target 'LevelFitness' from project 'LevelFitness')
    cd /Users/dakotabrown/LevelFitness-IOS
    /usr/bin/derq query -f xml -i /Users/dakotabrown/LevelFitness-IOS/DerivedData/Build/Intermediates.noindex/LevelFitness.build/Debug-iphonesimulator/LevelFitness.build/LevelFitness.app-Simulated.xcent -o /Users/dakotabrown/LevelFitness-IOS/DerivedData/Build/Intermediates.noindex/LevelFitness.build/Debug-iphonesimulator/LevelFitness.build/LevelFitness.app-Simulated.xcent.der --raw

MkDir /Users/dakotabrown/LevelFitness-IOS/DerivedData/Build/Intermediates.noindex/LevelFitness.build/Debug-iphonesimulator/LevelFitness.build/assetcatalog_output/thinned (in target 'LevelFitness' from project 'LevelFitness')
    cd /Users/dakotabrown/LevelFitness-IOS
    /bin/mkdir -p /Users/dakotabrown/LevelFitness-IOS/DerivedData/Build/Intermediates.noindex/LevelFitness.build/Debug-iphonesimulator/LevelFitness.build/assetcatalog_output/thinned

MkDir /Users/dakotabrown/LevelFitness-IOS/DerivedData/Build/Intermediates.noindex/LevelFitness.build/Debug-iphonesimulator/LevelFitness.build/assetcatalog_output/unthinned (in target 'LevelFitness' from project 'LevelFitness')
    cd /Users/dakotabrown/LevelFitness-IOS
    /bin/mkdir -p /Users/dakotabrown/LevelFitness-IOS/DerivedData/Build/Intermediates.noindex/LevelFitness.build/Debug-iphonesimulator/LevelFitness.build/assetcatalog_output/unthinned

GenerateAssetSymbols /Users/dakotabrown/LevelFitness-IOS/LevelFitness/Assets.xcassets (in target 'LevelFitness' from project 'LevelFitness')
    cd /Users/dakotabrown/LevelFitness-IOS
    /Applications/Xcode.app/Contents/Developer/usr/bin/actool /Users/dakotabrown/LevelFitness-IOS/LevelFitness/Assets.xcassets --compile /Users/dakotabrown/LevelFitness-IOS/DerivedData/Build/Products/Debug-iphonesimulator/LevelFitness.app --output-format human-readable-text --notices --warnings --export-dependency-info /Users/dakotabrown/LevelFitness-IOS/DerivedData/Build/Intermediates.noindex/LevelFitness.build/Debug-iphonesimulator/LevelFitness.build/assetcatalog_dependencies --output-partial-info-plist /Users/dakotabrown/LevelFitness-IOS/DerivedData/Build/Intermediates.noindex/LevelFitness.build/Debug-iphonesimulator/LevelFitness.build/assetcatalog_generated_info.plist --app-icon AppIcon --accent-color AccentColor --compress-pngs --enable-on-demand-resources YES --development-region en --target-device iphone --target-device ipad --minimum-deployment-target 15.0 --platform iphonesimulator --bundle-identifier com.levelfitness.LevelFitness --generate-swift-asset-symbols /Users/dakotabrown/LevelFitness-IOS/DerivedData/Build/Intermediates.noindex/LevelFitness.build/Debug-iphonesimulator/LevelFitness.build/DerivedSources/GeneratedAssetSymbols.swift --generate-objc-asset-symbols /Users/dakotabrown/LevelFitness-IOS/DerivedData/Build/Intermediates.noindex/LevelFitness.build/Debug-iphonesimulator/LevelFitness.build/DerivedSources/GeneratedAssetSymbols.h --generate-asset-symbol-index /Users/dakotabrown/LevelFitness-IOS/DerivedData/Build/Intermediates.noindex/LevelFitness.build/Debug-iphonesimulator/LevelFitness.build/DerivedSources/GeneratedAssetSymbols-Index.plist
/* com.apple.actool.compilation-results */
/Users/dakotabrown/LevelFitness-IOS/DerivedData/Build/Intermediates.noindex/LevelFitness.build/Debug-iphonesimulator/LevelFitness.build/DerivedSources/GeneratedAssetSymbols-Index.plist
/Users/dakotabrown/LevelFitness-IOS/DerivedData/Build/Intermediates.noindex/LevelFitness.build/Debug-iphonesimulator/LevelFitness.build/DerivedSources/GeneratedAssetSymbols.h
/Users/dakotabrown/LevelFitness-IOS/DerivedData/Build/Intermediates.noindex/LevelFitness.build/Debug-iphonesimulator/LevelFitness.build/DerivedSources/GeneratedAssetSymbols.swift


Ld /Users/dakotabrown/LevelFitness-IOS/DerivedData/Build/Products/Debug-iphonesimulator/LevelFitness.app/__preview.dylib normal (in target 'LevelFitness' from project 'LevelFitness')
    cd /Users/dakotabrown/LevelFitness-IOS
    /Applications/Xcode.app/Contents/Developer/Toolchains/XcodeDefault.xctoolchain/usr/bin/clang -Xlinker -reproducible -target arm64-apple-ios15.0-simulator -dynamiclib -isysroot /Applications/Xcode.app/Contents/Developer/Platforms/iPhoneSimulator.platform/Developer/SDKs/iPhoneSimulator18.5.sdk -O0 -L/Users/dakotabrown/LevelFitness-IOS/DerivedData/Build/Products/Debug-iphonesimulator -F/Users/dakotabrown/LevelFitness-IOS/DerivedData/Build/Products/Debug-iphonesimulator -install_name @rpath/LevelFitness.debug.dylib -dead_strip -rdynamic -Xlinker -no_deduplicate -Xlinker -objc_abi_version -Xlinker 2 -Xlinker -dependency_info -Xlinker /Users/dakotabrown/LevelFitness-IOS/DerivedData/Build/Intermediates.noindex/LevelFitness.build/Debug-iphonesimulator/LevelFitness.build/Objects-normal/arm64/LevelFitness_dependency_info.dat -Xlinker -sectcreate -Xlinker __TEXT -Xlinker __entitlements -Xlinker /Users/dakotabrown/LevelFitness-IOS/DerivedData/Build/Intermediates.noindex/LevelFitness.build/Debug-iphonesimulator/LevelFitness.build/LevelFitness.app-Simulated.xcent -Xlinker -sectcreate -Xlinker __TEXT -Xlinker __ents_der -Xlinker /Users/dakotabrown/LevelFitness-IOS/DerivedData/Build/Intermediates.noindex/LevelFitness.build/Debug-iphonesimulator/LevelFitness.build/LevelFitness.app-Simulated.xcent.der -Xlinker -no_adhoc_codesign -o /Users/dakotabrown/LevelFitness-IOS/DerivedData/Build/Products/Debug-iphonesimulator/LevelFitness.app/__preview.dylib

CompileStoryboard /Users/dakotabrown/LevelFitness-IOS/LevelFitness/Base.lproj/LaunchScreen.storyboard (in target 'LevelFitness' from project 'LevelFitness')
    cd /Users/dakotabrown/LevelFitness-IOS
    /Applications/Xcode.app/Contents/Developer/usr/bin/ibtool --errors --warnings --notices --module LevelFitness --output-partial-info-plist /Users/dakotabrown/LevelFitness-IOS/DerivedData/Build/Intermediates.noindex/LevelFitness.build/Debug-iphonesimulator/LevelFitness.build/Base.lproj/LaunchScreen-SBPartialInfo.plist --auto-activate-custom-fonts --target-device iphone --target-device ipad --minimum-deployment-target 15.0 --output-format human-readable-text /Users/dakotabrown/LevelFitness-IOS/LevelFitness/Base.lproj/LaunchScreen.storyboard --compilation-directory /Users/dakotabrown/LevelFitness-IOS/DerivedData/Build/Intermediates.noindex/LevelFitness.build/Debug-iphonesimulator/LevelFitness.build/Base.lproj

CompileAssetCatalogVariant thinned /Users/dakotabrown/LevelFitness-IOS/DerivedData/Build/Products/Debug-iphonesimulator/LevelFitness.app /Users/dakotabrown/LevelFitness-IOS/LevelFitness/Assets.xcassets (in target 'LevelFitness' from project 'LevelFitness')
    cd /Users/dakotabrown/LevelFitness-IOS
    /Applications/Xcode.app/Contents/Developer/usr/bin/actool /Users/dakotabrown/LevelFitness-IOS/LevelFitness/Assets.xcassets --compile /Users/dakotabrown/LevelFitness-IOS/DerivedData/Build/Intermediates.noindex/LevelFitness.build/Debug-iphonesimulator/LevelFitness.build/assetcatalog_output/thinned --output-format human-readable-text --notices --warnings --export-dependency-info /Users/dakotabrown/LevelFitness-IOS/DerivedData/Build/Intermediates.noindex/LevelFitness.build/Debug-iphonesimulator/LevelFitness.build/assetcatalog_dependencies_thinned --output-partial-info-plist /Users/dakotabrown/LevelFitness-IOS/DerivedData/Build/Intermediates.noindex/LevelFitness.build/Debug-iphonesimulator/LevelFitness.build/assetcatalog_generated_info.plist_thinned --app-icon AppIcon --accent-color AccentColor --compress-pngs --enable-on-demand-resources YES --filter-for-thinning-device-configuration iPhone17,3 --filter-for-device-os-version 18.5 --development-region en --target-device iphone --target-device ipad --minimum-deployment-target 15.0 --platform iphonesimulator
/* com.apple.actool.compilation-results */
/Users/dakotabrown/LevelFitness-IOS/DerivedData/Build/Intermediates.noindex/LevelFitness.build/Debug-iphonesimulator/LevelFitness.build/assetcatalog_generated_info.plist_thinned


SwiftDriver LevelFitness normal arm64 com.apple.xcode.tools.swift.compiler (in target 'LevelFitness' from project 'LevelFitness')
    cd /Users/dakotabrown/LevelFitness-IOS
    builtin-SwiftDriver -- /Applications/Xcode.app/Contents/Developer/Toolchains/XcodeDefault.xctoolchain/usr/bin/swiftc -module-name LevelFitness -Onone -enforce-exclusivity\=checked @/Users/dakotabrown/LevelFitness-IOS/DerivedData/Build/Intermediates.noindex/LevelFitness.build/Debug-iphonesimulator/LevelFitness.build/Objects-normal/arm64/LevelFitness.SwiftFileList -DDEBUG -enable-bare-slash-regex -enable-experimental-feature DebugDescriptionMacro -sdk /Applications/Xcode.app/Contents/Developer/Platforms/iPhoneSimulator.platform/Developer/SDKs/iPhoneSimulator18.5.sdk -target arm64-apple-ios15.0-simulator -g -module-cache-path /Users/dakotabrown/LevelFitness-IOS/DerivedData/ModuleCache.noindex -Xfrontend -serialize-debugging-options -enable-testing -index-store-path /Users/dakotabrown/LevelFitness-IOS/DerivedData/Index.noindex/DataStore -swift-version 5 -I /Users/dakotabrown/LevelFitness-IOS/DerivedData/Build/Products/Debug-iphonesimulator -F /Users/dakotabrown/LevelFitness-IOS/DerivedData/Build/Products/Debug-iphonesimulator -emit-localized-strings -emit-localized-strings-path /Users/dakotabrown/LevelFitness-IOS/DerivedData/Build/Intermediates.noindex/LevelFitness.build/Debug-iphonesimulator/LevelFitness.build/Objects-normal/arm64 -c -j10 -enable-batch-mode -incremental -Xcc -ivfsstatcache -Xcc /Users/dakotabrown/LevelFitness-IOS/DerivedData/SDKStatCaches.noindex/iphonesimulator18.5-22F76-d5fc8ad4295d2ef488fb7d0f804ce0c4.sdkstatcache -output-file-map /Users/dakotabrown/LevelFitness-IOS/DerivedData/Build/Intermediates.noindex/LevelFitness.build/Debug-iphonesimulator/LevelFitness.build/Objects-normal/arm64/LevelFitness-OutputFileMap.json -use-frontend-parseable-output -save-temps -no-color-diagnostics -serialize-diagnostics -emit-dependencies -emit-module -emit-module-path /Users/dakotabrown/LevelFitness-IOS/DerivedData/Build/Intermediates.noindex/LevelFitness.build/Debug-iphonesimulator/LevelFitness.build/Objects-normal/arm64/LevelFitness.swiftmodule -validate-clang-modules-once -clang-build-session-file /Users/dakotabrown/LevelFitness-IOS/DerivedData/ModuleCache.noindex/Session.modulevalidation -Xcc -I/Users/dakotabrown/LevelFitness-IOS/DerivedData/Build/Intermediates.noindex/LevelFitness.build/Debug-iphonesimulator/LevelFitness.build/swift-overrides.hmap -emit-const-values -Xfrontend -const-gather-protocols-file -Xfrontend /Users/dakotabrown/LevelFitness-IOS/DerivedData/Build/Intermediates.noindex/LevelFitness.build/Debug-iphonesimulator/LevelFitness.build/Objects-normal/arm64/LevelFitness_const_extract_protocols.json -Xcc -iquote -Xcc /Users/dakotabrown/LevelFitness-IOS/DerivedData/Build/Intermediates.noindex/LevelFitness.build/Debug-iphonesimulator/LevelFitness.build/LevelFitness-generated-files.hmap -Xcc -I/Users/dakotabrown/LevelFitness-IOS/DerivedData/Build/Intermediates.noindex/LevelFitness.build/Debug-iphonesimulator/LevelFitness.build/LevelFitness-own-target-headers.hmap -Xcc -I/Users/dakotabrown/LevelFitness-IOS/DerivedData/Build/Intermediates.noindex/LevelFitness.build/Debug-iphonesimulator/LevelFitness.build/LevelFitness-all-target-headers.hmap -Xcc -iquote -Xcc /Users/dakotabrown/LevelFitness-IOS/DerivedData/Build/Intermediates.noindex/LevelFitness.build/Debug-iphonesimulator/LevelFitness.build/LevelFitness-project-headers.hmap -Xcc -I/Users/dakotabrown/LevelFitness-IOS/DerivedData/Build/Products/Debug-iphonesimulator/include -Xcc -I/Users/dakotabrown/LevelFitness-IOS/DerivedData/Build/Intermediates.noindex/LevelFitness.build/Debug-iphonesimulator/LevelFitness.build/DerivedSources-normal/arm64 -Xcc -I/Users/dakotabrown/LevelFitness-IOS/DerivedData/Build/Intermediates.noindex/LevelFitness.build/Debug-iphonesimulator/LevelFitness.build/DerivedSources/arm64 -Xcc -I/Users/dakotabrown/LevelFitness-IOS/DerivedData/Build/Intermediates.noindex/LevelFitness.build/Debug-iphonesimulator/LevelFitness.build/DerivedSources -Xcc -DDEBUG\=1 -emit-objc-header -emit-objc-header-path /Users/dakotabrown/LevelFitness-IOS/DerivedData/Build/Intermediates.noindex/LevelFitness.build/Debug-iphonesimulator/LevelFitness.build/Objects-normal/arm64/LevelFitness-Swift.h -working-directory /Users/dakotabrown/LevelFitness-IOS -experimental-emit-module-separately -disable-cmo

SwiftCompile normal arm64 Compiling\ ViewController.swift,\ DesignSystem.swift,\ NavigationCard.swift,\ StatItem.swift,\ IndustrialBackgroundViews.swift /Users/dakotabrown/LevelFitness-IOS/LevelFitness/ViewController.swift /Users/dakotabrown/LevelFitness-IOS/LevelFitness/DesignSystem.swift /Users/dakotabrown/LevelFitness-IOS/LevelFitness/NavigationCard.swift /Users/dakotabrown/LevelFitness-IOS/LevelFitness/StatItem.swift /Users/dakotabrown/LevelFitness-IOS/LevelFitness/IndustrialBackgroundViews.swift (in target 'LevelFitness' from project 'LevelFitness')
SwiftCompile normal arm64 /Users/dakotabrown/LevelFitness-IOS/LevelFitness/ViewController.swift (in target 'LevelFitness' from project 'LevelFitness')
    cd /Users/dakotabrown/LevelFitness-IOS
    

SwiftCompile normal arm64 /Users/dakotabrown/LevelFitness-IOS/LevelFitness/DesignSystem.swift (in target 'LevelFitness' from project 'LevelFitness')
    cd /Users/dakotabrown/LevelFitness-IOS
    

SwiftCompile normal arm64 /Users/dakotabrown/LevelFitness-IOS/LevelFitness/NavigationCard.swift (in target 'LevelFitness' from project 'LevelFitness')
    cd /Users/dakotabrown/LevelFitness-IOS
    

SwiftCompile normal arm64 /Users/dakotabrown/LevelFitness-IOS/LevelFitness/StatItem.swift (in target 'LevelFitness' from project 'LevelFitness')
    cd /Users/dakotabrown/LevelFitness-IOS
    

SwiftCompile normal arm64 /Users/dakotabrown/LevelFitness-IOS/LevelFitness/IndustrialBackgroundViews.swift (in target 'LevelFitness' from project 'LevelFitness')
    cd /Users/dakotabrown/LevelFitness-IOS
    

SwiftCompile normal arm64 Compiling\ TransactionCard.swift,\ TransactionHistoryView.swift,\ EarningsHeaderView.swift,\ WorkoutsViewController.swift /Users/dakotabrown/LevelFitness-IOS/LevelFitness/TransactionCard.swift /Users/dakotabrown/LevelFitness-IOS/LevelFitness/TransactionHistoryView.swift /Users/dakotabrown/LevelFitness-IOS/LevelFitness/EarningsHeaderView.swift /Users/dakotabrown/LevelFitness-IOS/LevelFitness/WorkoutsViewController.swift (in target 'LevelFitness' from project 'LevelFitness')

SwiftCompile normal arm64 /Users/dakotabrown/LevelFitness-IOS/LevelFitness/TransactionCard.swift (in target 'LevelFitness' from project 'LevelFitness')
    cd /Users/dakotabrown/LevelFitness-IOS
    

SwiftCompile normal arm64 /Users/dakotabrown/LevelFitness-IOS/LevelFitness/TransactionHistoryView.swift (in target 'LevelFitness' from project 'LevelFitness')
    cd /Users/dakotabrown/LevelFitness-IOS
    

SwiftCompile normal arm64 /Users/dakotabrown/LevelFitness-IOS/LevelFitness/EarningsHeaderView.swift (in target 'LevelFitness' from project 'LevelFitness')
    cd /Users/dakotabrown/LevelFitness-IOS
    

SwiftCompile normal arm64 /Users/dakotabrown/LevelFitness-IOS/LevelFitness/WorkoutsViewController.swift (in target 'LevelFitness' from project 'LevelFitness')
    cd /Users/dakotabrown/LevelFitness-IOS
    

SwiftEmitModule normal arm64 Emitting\ module\ for\ LevelFitness (in target 'LevelFitness' from project 'LevelFitness')

EmitSwiftModule normal arm64 (in target 'LevelFitness' from project 'LevelFitness')
    cd /Users/dakotabrown/LevelFitness-IOS
    

SwiftCompile normal arm64 Compiling\ TeamsViewController.swift,\ TeamCard.swift,\ TeamDetailViewController.swift,\ MessageView.swift /Users/dakotabrown/LevelFitness-IOS/LevelFitness/TeamsViewController.swift /Users/dakotabrown/LevelFitness-IOS/LevelFitness/TeamCard.swift /Users/dakotabrown/LevelFitness-IOS/LevelFitness/TeamDetailViewController.swift /Users/dakotabrown/LevelFitness-IOS/LevelFitness/MessageView.swift (in target 'LevelFitness' from project 'LevelFitness')

SwiftCompile normal arm64 /Users/dakotabrown/LevelFitness-IOS/LevelFitness/TeamsViewController.swift (in target 'LevelFitness' from project 'LevelFitness')
    cd /Users/dakotabrown/LevelFitness-IOS
    

SwiftCompile normal arm64 /Users/dakotabrown/LevelFitness-IOS/LevelFitness/TeamCard.swift (in target 'LevelFitness' from project 'LevelFitness')
    cd /Users/dakotabrown/LevelFitness-IOS
    

SwiftCompile normal arm64 /Users/dakotabrown/LevelFitness-IOS/LevelFitness/TeamDetailViewController.swift (in target 'LevelFitness' from project 'LevelFitness')
    cd /Users/dakotabrown/LevelFitness-IOS
    

SwiftCompile normal arm64 /Users/dakotabrown/LevelFitness-IOS/LevelFitness/MessageView.swift (in target 'LevelFitness' from project 'LevelFitness')
    cd /Users/dakotabrown/LevelFitness-IOS
    

SwiftCompile normal arm64 Compiling\ EventCardView.swift,\ ChatMessageView.swift,\ AppDelegate.swift,\ GeneratedAssetSymbols.swift /Users/dakotabrown/LevelFitness-IOS/LevelFitness/EventCardView.swift /Users/dakotabrown/LevelFitness-IOS/LevelFitness/ChatMessageView.swift /Users/dakotabrown/LevelFitness-IOS/LevelFitness/AppDelegate.swift /Users/dakotabrown/LevelFitness-IOS/DerivedData/Build/Intermediates.noindex/LevelFitness.build/Debug-iphonesimulator/LevelFitness.build/DerivedSources/GeneratedAssetSymbols.swift (in target 'LevelFitness' from project 'LevelFitness')
SwiftCompile normal arm64 /Users/dakotabrown/LevelFitness-IOS/LevelFitness/EventCardView.swift (in target 'LevelFitness' from project 'LevelFitness')
    cd /Users/dakotabrown/LevelFitness-IOS
    

SwiftCompile normal arm64 /Users/dakotabrown/LevelFitness-IOS/LevelFitness/ChatMessageView.swift (in target 'LevelFitness' from project 'LevelFitness')
    cd /Users/dakotabrown/LevelFitness-IOS
    

SwiftCompile normal arm64 /Users/dakotabrown/LevelFitness-IOS/LevelFitness/AppDelegate.swift (in target 'LevelFitness' from project 'LevelFitness')
    cd /Users/dakotabrown/LevelFitness-IOS
    

SwiftCompile normal arm64 /Users/dakotabrown/LevelFitness-IOS/DerivedData/Build/Intermediates.noindex/LevelFitness.build/Debug-iphonesimulator/LevelFitness.build/DerivedSources/GeneratedAssetSymbols.swift (in target 'LevelFitness' from project 'LevelFitness')
    cd /Users/dakotabrown/LevelFitness-IOS
    

SwiftCompile normal arm64 Compiling\ WorkoutStatsView.swift,\ WorkoutCoachView.swift,\ CompetitionsViewController.swift,\ CompetitionTabNavigationView.swift /Users/dakotabrown/LevelFitness-IOS/LevelFitness/WorkoutStatsView.swift /Users/dakotabrown/LevelFitness-IOS/LevelFitness/WorkoutCoachView.swift /Users/dakotabrown/LevelFitness-IOS/LevelFitness/CompetitionsViewController.swift /Users/dakotabrown/LevelFitness-IOS/LevelFitness/CompetitionTabNavigationView.swift (in target 'LevelFitness' from project 'LevelFitness')

SwiftCompile normal arm64 /Users/dakotabrown/LevelFitness-IOS/LevelFitness/WorkoutStatsView.swift (in target 'LevelFitness' from project 'LevelFitness')
    cd /Users/dakotabrown/LevelFitness-IOS
    

SwiftCompile normal arm64 /Users/dakotabrown/LevelFitness-IOS/LevelFitness/WorkoutCoachView.swift (in target 'LevelFitness' from project 'LevelFitness')
    cd /Users/dakotabrown/LevelFitness-IOS
    

SwiftCompile normal arm64 /Users/dakotabrown/LevelFitness-IOS/LevelFitness/CompetitionsViewController.swift (in target 'LevelFitness' from project 'LevelFitness')
    cd /Users/dakotabrown/LevelFitness-IOS
    

SwiftCompile normal arm64 /Users/dakotabrown/LevelFitness-IOS/LevelFitness/CompetitionTabNavigationView.swift (in target 'LevelFitness' from project 'LevelFitness')
    cd /Users/dakotabrown/LevelFitness-IOS
    

SwiftCompile normal arm64 Compiling\ MessageInputView.swift,\ ChallengeCard.swift,\ EventCard.swift,\ TeamDetailChatViewController.swift /Users/dakotabrown/LevelFitness-IOS/LevelFitness/MessageInputView.swift /Users/dakotabrown/LevelFitness-IOS/LevelFitness/ChallengeCard.swift /Users/dakotabrown/LevelFitness-IOS/LevelFitness/EventCard.swift /Users/dakotabrown/LevelFitness-IOS/LevelFitness/TeamDetailChatViewController.swift (in target 'LevelFitness' from project 'LevelFitness')

SwiftCompile normal arm64 /Users/dakotabrown/LevelFitness-IOS/LevelFitness/MessageInputView.swift (in target 'LevelFitness' from project 'LevelFitness')
    cd /Users/dakotabrown/LevelFitness-IOS
    

SwiftCompile normal arm64 /Users/dakotabrown/LevelFitness-IOS/LevelFitness/ChallengeCard.swift (in target 'LevelFitness' from project 'LevelFitness')
    cd /Users/dakotabrown/LevelFitness-IOS
    

SwiftCompile normal arm64 /Users/dakotabrown/LevelFitness-IOS/LevelFitness/EventCard.swift (in target 'LevelFitness' from project 'LevelFitness')
    cd /Users/dakotabrown/LevelFitness-IOS
    

SwiftCompile normal arm64 /Users/dakotabrown/LevelFitness-IOS/LevelFitness/TeamDetailChatViewController.swift (in target 'LevelFitness' from project 'LevelFitness')
    cd /Users/dakotabrown/LevelFitness-IOS
    

SwiftCompile normal arm64 Compiling\ TeamDetailTabNavigation.swift,\ EarningsViewController.swift,\ WalletBalanceView.swift,\ WalletActionButton.swift /Users/dakotabrown/LevelFitness-IOS/LevelFitness/TeamDetailTabNavigation.swift /Users/dakotabrown/LevelFitness-IOS/LevelFitness/EarningsViewController.swift /Users/dakotabrown/LevelFitness-IOS/LevelFitness/WalletBalanceView.swift /Users/dakotabrown/LevelFitness-IOS/LevelFitness/WalletActionButton.swift (in target 'LevelFitness' from project 'LevelFitness')

SwiftCompile normal arm64 /Users/dakotabrown/LevelFitness-IOS/LevelFitness/TeamDetailTabNavigation.swift (in target 'LevelFitness' from project 'LevelFitness')
    cd /Users/dakotabrown/LevelFitness-IOS
    

SwiftCompile normal arm64 /Users/dakotabrown/LevelFitness-IOS/LevelFitness/EarningsViewController.swift (in target 'LevelFitness' from project 'LevelFitness')
    cd /Users/dakotabrown/LevelFitness-IOS
    

SwiftCompile normal arm64 /Users/dakotabrown/LevelFitness-IOS/LevelFitness/WalletBalanceView.swift (in target 'LevelFitness' from project 'LevelFitness')
    cd /Users/dakotabrown/LevelFitness-IOS
    

SwiftCompile normal arm64 /Users/dakotabrown/LevelFitness-IOS/LevelFitness/WalletActionButton.swift (in target 'LevelFitness' from project 'LevelFitness')
    cd /Users/dakotabrown/LevelFitness-IOS
    

SwiftCompile normal arm64 Compiling\ WorkoutTabNavigationView.swift,\ WorkoutCard.swift,\ WorkoutSyncSourceCard.swift,\ WorkoutSyncView.swift /Users/dakotabrown/LevelFitness-IOS/LevelFitness/WorkoutTabNavigationView.swift /Users/dakotabrown/LevelFitness-IOS/LevelFitness/WorkoutCard.swift /Users/dakotabrown/LevelFitness-IOS/LevelFitness/WorkoutSyncSourceCard.swift /Users/dakotabrown/LevelFitness-IOS/LevelFitness/WorkoutSyncView.swift (in target 'LevelFitness' from project 'LevelFitness')

SwiftCompile normal arm64 /Users/dakotabrown/LevelFitness-IOS/LevelFitness/WorkoutTabNavigationView.swift (in target 'LevelFitness' from project 'LevelFitness')
    cd /Users/dakotabrown/LevelFitness-IOS
    
/Users/dakotabrown/LevelFitness-IOS/LevelFitness/WorkoutTabNavigationView.swift:170:13: warning: initialization of immutable value 'underlineWidth' was never used; consider replacing with assignment to '_' or removing it
        let underlineWidth = frame.width / 3 * 0.6 // 60% of tab width
        ~~~~^~~~~~~~~~~~~~
        _

SwiftCompile normal arm64 /Users/dakotabrown/LevelFitness-IOS/LevelFitness/WorkoutCard.swift (in target 'LevelFitness' from project 'LevelFitness')
    cd /Users/dakotabrown/LevelFitness-IOS
    

SwiftCompile normal arm64 /Users/dakotabrown/LevelFitness-IOS/LevelFitness/WorkoutSyncSourceCard.swift (in target 'LevelFitness' from project 'LevelFitness')
    cd /Users/dakotabrown/LevelFitness-IOS
    

SwiftCompile normal arm64 /Users/dakotabrown/LevelFitness-IOS/LevelFitness/WorkoutSyncView.swift (in target 'LevelFitness' from project 'LevelFitness')
    cd /Users/dakotabrown/LevelFitness-IOS
    

LinkStoryboards (in target 'LevelFitness' from project 'LevelFitness')
    cd /Users/dakotabrown/LevelFitness-IOS
    /Applications/Xcode.app/Contents/Developer/usr/bin/ibtool --errors --warnings --notices --module LevelFitness --target-device iphone --target-device ipad --minimum-deployment-target 15.0 --output-format human-readable-text --link /Users/dakotabrown/LevelFitness-IOS/DerivedData/Build/Products/Debug-iphonesimulator/LevelFitness.app /Users/dakotabrown/LevelFitness-IOS/DerivedData/Build/Intermediates.noindex/LevelFitness.build/Debug-iphonesimulator/LevelFitness.build/Base.lproj/LaunchScreen.storyboardc

LinkAssetCatalog /Users/dakotabrown/LevelFitness-IOS/LevelFitness/Assets.xcassets (in target 'LevelFitness' from project 'LevelFitness')
    cd /Users/dakotabrown/LevelFitness-IOS
    builtin-linkAssetCatalog --thinned /Users/dakotabrown/LevelFitness-IOS/DerivedData/Build/Intermediates.noindex/LevelFitness.build/Debug-iphonesimulator/LevelFitness.build/assetcatalog_output/thinned --thinned-dependencies /Users/dakotabrown/LevelFitness-IOS/DerivedData/Build/Intermediates.noindex/LevelFitness.build/Debug-iphonesimulator/LevelFitness.build/assetcatalog_dependencies_thinned --thinned-info-plist-content /Users/dakotabrown/LevelFitness-IOS/DerivedData/Build/Intermediates.noindex/LevelFitness.build/Debug-iphonesimulator/LevelFitness.build/assetcatalog_generated_info.plist_thinned --unthinned /Users/dakotabrown/LevelFitness-IOS/DerivedData/Build/Intermediates.noindex/LevelFitness.build/Debug-iphonesimulator/LevelFitness.build/assetcatalog_output/unthinned --unthinned-dependencies /Users/dakotabrown/LevelFitness-IOS/DerivedData/Build/Intermediates.noindex/LevelFitness.build/Debug-iphonesimulator/LevelFitness.build/assetcatalog_dependencies_unthinned --unthinned-info-plist-content /Users/dakotabrown/LevelFitness-IOS/DerivedData/Build/Intermediates.noindex/LevelFitness.build/Debug-iphonesimulator/LevelFitness.build/assetcatalog_generated_info.plist_unthinned --output /Users/dakotabrown/LevelFitness-IOS/DerivedData/Build/Products/Debug-iphonesimulator/LevelFitness.app --plist-output /Users/dakotabrown/LevelFitness-IOS/DerivedData/Build/Intermediates.noindex/LevelFitness.build/Debug-iphonesimulator/LevelFitness.build/assetcatalog_generated_info.plist

SwiftCompile normal arm64 Compiling\ TeamDetailChallengesViewController.swift,\ TeamDetailEventsViewController.swift,\ TeamDetailHeaderView.swift,\ TeamDetailAboutSection.swift /Users/dakotabrown/LevelFitness-IOS/LevelFitness/TeamDetailChallengesViewController.swift /Users/dakotabrown/LevelFitness-IOS/LevelFitness/TeamDetailEventsViewController.swift /Users/dakotabrown/LevelFitness-IOS/LevelFitness/TeamDetailHeaderView.swift /Users/dakotabrown/LevelFitness-IOS/LevelFitness/TeamDetailAboutSection.swift (in target 'LevelFitness' from project 'LevelFitness')

SwiftCompile normal arm64 /Users/dakotabrown/LevelFitness-IOS/LevelFitness/TeamDetailChallengesViewController.swift (in target 'LevelFitness' from project 'LevelFitness')
    cd /Users/dakotabrown/LevelFitness-IOS
    

SwiftCompile normal arm64 /Users/dakotabrown/LevelFitness-IOS/LevelFitness/TeamDetailEventsViewController.swift (in target 'LevelFitness' from project 'LevelFitness')
    cd /Users/dakotabrown/LevelFitness-IOS
    

SwiftCompile normal arm64 /Users/dakotabrown/LevelFitness-IOS/LevelFitness/TeamDetailHeaderView.swift (in target 'LevelFitness' from project 'LevelFitness')
    cd /Users/dakotabrown/LevelFitness-IOS
    

SwiftCompile normal arm64 /Users/dakotabrown/LevelFitness-IOS/LevelFitness/TeamDetailAboutSection.swift (in target 'LevelFitness' from project 'LevelFitness')
    cd /Users/dakotabrown/LevelFitness-IOS
    

ProcessInfoPlistFile /Users/dakotabrown/LevelFitness-IOS/DerivedData/Build/Products/Debug-iphonesimulator/LevelFitness.app/Info.plist /Users/dakotabrown/LevelFitness-IOS/LevelFitness/Info.plist (in target 'LevelFitness' from project 'LevelFitness')
    cd /Users/dakotabrown/LevelFitness-IOS
    builtin-infoPlistUtility /Users/dakotabrown/LevelFitness-IOS/LevelFitness/Info.plist -producttype com.apple.product-type.application -genpkginfo /Users/dakotabrown/LevelFitness-IOS/DerivedData/Build/Products/Debug-iphonesimulator/LevelFitness.app/PkgInfo -expandbuildsettings -format binary -platform iphonesimulator -additionalcontentfile /Users/dakotabrown/LevelFitness-IOS/DerivedData/Build/Intermediates.noindex/LevelFitness.build/Debug-iphonesimulator/LevelFitness.build/Base.lproj/LaunchScreen-SBPartialInfo.plist -additionalcontentfile /Users/dakotabrown/LevelFitness-IOS/DerivedData/Build/Intermediates.noindex/LevelFitness.build/Debug-iphonesimulator/LevelFitness.build/assetcatalog_generated_info.plist -o /Users/dakotabrown/LevelFitness-IOS/DerivedData/Build/Products/Debug-iphonesimulator/LevelFitness.app/Info.plist

SwiftDriverJobDiscovery normal arm64 Emitting module for LevelFitness (in target 'LevelFitness' from project 'LevelFitness')

SwiftDriver\ Compilation\ Requirements LevelFitness normal arm64 com.apple.xcode.tools.swift.compiler (in target 'LevelFitness' from project 'LevelFitness')
    cd /Users/dakotabrown/LevelFitness-IOS
    builtin-Swift-Compilation-Requirements -- /Applications/Xcode.app/Contents/Developer/Toolchains/XcodeDefault.xctoolchain/usr/bin/swiftc -module-name LevelFitness -Onone -enforce-exclusivity\=checked @/Users/dakotabrown/LevelFitness-IOS/DerivedData/Build/Intermediates.noindex/LevelFitness.build/Debug-iphonesimulator/LevelFitness.build/Objects-normal/arm64/LevelFitness.SwiftFileList -DDEBUG -enable-bare-slash-regex -enable-experimental-feature DebugDescriptionMacro -sdk /Applications/Xcode.app/Contents/Developer/Platforms/iPhoneSimulator.platform/Developer/SDKs/iPhoneSimulator18.5.sdk -target arm64-apple-ios15.0-simulator -g -module-cache-path /Users/dakotabrown/LevelFitness-IOS/DerivedData/ModuleCache.noindex -Xfrontend -serialize-debugging-options -enable-testing -index-store-path /Users/dakotabrown/LevelFitness-IOS/DerivedData/Index.noindex/DataStore -swift-version 5 -I /Users/dakotabrown/LevelFitness-IOS/DerivedData/Build/Products/Debug-iphonesimulator -F /Users/dakotabrown/LevelFitness-IOS/DerivedData/Build/Products/Debug-iphonesimulator -emit-localized-strings -emit-localized-strings-path /Users/dakotabrown/LevelFitness-IOS/DerivedData/Build/Intermediates.noindex/LevelFitness.build/Debug-iphonesimulator/LevelFitness.build/Objects-normal/arm64 -c -j10 -enable-batch-mode -incremental -Xcc -ivfsstatcache -Xcc /Users/dakotabrown/LevelFitness-IOS/DerivedData/SDKStatCaches.noindex/iphonesimulator18.5-22F76-d5fc8ad4295d2ef488fb7d0f804ce0c4.sdkstatcache -output-file-map /Users/dakotabrown/LevelFitness-IOS/DerivedData/Build/Intermediates.noindex/LevelFitness.build/Debug-iphonesimulator/LevelFitness.build/Objects-normal/arm64/LevelFitness-OutputFileMap.json -use-frontend-parseable-output -save-temps -no-color-diagnostics -serialize-diagnostics -emit-dependencies -emit-module -emit-module-path /Users/dakotabrown/LevelFitness-IOS/DerivedData/Build/Intermediates.noindex/LevelFitness.build/Debug-iphonesimulator/LevelFitness.build/Objects-normal/arm64/LevelFitness.swiftmodule -validate-clang-modules-once -clang-build-session-file /Users/dakotabrown/LevelFitness-IOS/DerivedData/ModuleCache.noindex/Session.modulevalidation -Xcc -I/Users/dakotabrown/LevelFitness-IOS/DerivedData/Build/Intermediates.noindex/LevelFitness.build/Debug-iphonesimulator/LevelFitness.build/swift-overrides.hmap -emit-const-values -Xfrontend -const-gather-protocols-file -Xfrontend /Users/dakotabrown/LevelFitness-IOS/DerivedData/Build/Intermediates.noindex/LevelFitness.build/Debug-iphonesimulator/LevelFitness.build/Objects-normal/arm64/LevelFitness_const_extract_protocols.json -Xcc -iquote -Xcc /Users/dakotabrown/LevelFitness-IOS/DerivedData/Build/Intermediates.noindex/LevelFitness.build/Debug-iphonesimulator/LevelFitness.build/LevelFitness-generated-files.hmap -Xcc -I/Users/dakotabrown/LevelFitness-IOS/DerivedData/Build/Intermediates.noindex/LevelFitness.build/Debug-iphonesimulator/LevelFitness.build/LevelFitness-own-target-headers.hmap -Xcc -I/Users/dakotabrown/LevelFitness-IOS/DerivedData/Build/Intermediates.noindex/LevelFitness.build/Debug-iphonesimulator/LevelFitness.build/LevelFitness-all-target-headers.hmap -Xcc -iquote -Xcc /Users/dakotabrown/LevelFitness-IOS/DerivedData/Build/Intermediates.noindex/LevelFitness.build/Debug-iphonesimulator/LevelFitness.build/LevelFitness-project-headers.hmap -Xcc -I/Users/dakotabrown/LevelFitness-IOS/DerivedData/Build/Products/Debug-iphonesimulator/include -Xcc -I/Users/dakotabrown/LevelFitness-IOS/DerivedData/Build/Intermediates.noindex/LevelFitness.build/Debug-iphonesimulator/LevelFitness.build/DerivedSources-normal/arm64 -Xcc -I/Users/dakotabrown/LevelFitness-IOS/DerivedData/Build/Intermediates.noindex/LevelFitness.build/Debug-iphonesimulator/LevelFitness.build/DerivedSources/arm64 -Xcc -I/Users/dakotabrown/LevelFitness-IOS/DerivedData/Build/Intermediates.noindex/LevelFitness.build/Debug-iphonesimulator/LevelFitness.build/DerivedSources -Xcc -DDEBUG\=1 -emit-objc-header -emit-objc-header-path /Users/dakotabrown/LevelFitness-IOS/DerivedData/Build/Intermediates.noindex/LevelFitness.build/Debug-iphonesimulator/LevelFitness.build/Objects-normal/arm64/LevelFitness-Swift.h -working-directory /Users/dakotabrown/LevelFitness-IOS -experimental-emit-module-separately -disable-cmo

SwiftCompile normal arm64 Compiling\ LeagueView.swift,\ EventsView.swift,\ LeaderboardItemView.swift,\ StreakCardView.swift /Users/dakotabrown/LevelFitness-IOS/LevelFitness/LeagueView.swift /Users/dakotabrown/LevelFitness-IOS/LevelFitness/EventsView.swift /Users/dakotabrown/LevelFitness-IOS/LevelFitness/LeaderboardItemView.swift /Users/dakotabrown/LevelFitness-IOS/LevelFitness/StreakCardView.swift (in target 'LevelFitness' from project 'LevelFitness')

SwiftCompile normal arm64 /Users/dakotabrown/LevelFitness-IOS/LevelFitness/LeagueView.swift (in target 'LevelFitness' from project 'LevelFitness')
    cd /Users/dakotabrown/LevelFitness-IOS
    

SwiftCompile normal arm64 /Users/dakotabrown/LevelFitness-IOS/LevelFitness/EventsView.swift (in target 'LevelFitness' from project 'LevelFitness')
    cd /Users/dakotabrown/LevelFitness-IOS
    

SwiftCompile normal arm64 /Users/dakotabrown/LevelFitness-IOS/LevelFitness/LeaderboardItemView.swift (in target 'LevelFitness' from project 'LevelFitness')
    cd /Users/dakotabrown/LevelFitness-IOS
    

SwiftCompile normal arm64 /Users/dakotabrown/LevelFitness-IOS/LevelFitness/StreakCardView.swift (in target 'LevelFitness' from project 'LevelFitness')
    cd /Users/dakotabrown/LevelFitness-IOS
    

SwiftMergeGeneratedHeaders /Users/dakotabrown/LevelFitness-IOS/DerivedData/Build/Intermediates.noindex/LevelFitness.build/Debug-iphonesimulator/LevelFitness.build/DerivedSources/LevelFitness-Swift.h /Users/dakotabrown/LevelFitness-IOS/DerivedData/Build/Intermediates.noindex/LevelFitness.build/Debug-iphonesimulator/LevelFitness.build/Objects-normal/arm64/LevelFitness-Swift.h (in target 'LevelFitness' from project 'LevelFitness')
    cd /Users/dakotabrown/LevelFitness-IOS
    builtin-swiftHeaderTool -arch arm64 /Users/dakotabrown/LevelFitness-IOS/DerivedData/Build/Intermediates.noindex/LevelFitness.build/Debug-iphonesimulator/LevelFitness.build/Objects-normal/arm64/LevelFitness-Swift.h -o /Users/dakotabrown/LevelFitness-IOS/DerivedData/Build/Intermediates.noindex/LevelFitness.build/Debug-iphonesimulator/LevelFitness.build/DerivedSources/LevelFitness-Swift.h

SwiftDriverJobDiscovery normal arm64 Compiling TeamDetailChallengesViewController.swift, TeamDetailEventsViewController.swift, TeamDetailHeaderView.swift, TeamDetailAboutSection.swift (in target 'LevelFitness' from project 'LevelFitness')

Copy /Users/dakotabrown/LevelFitness-IOS/DerivedData/Build/Products/Debug-iphonesimulator/LevelFitness.swiftmodule/arm64-apple-ios-simulator.swiftmodule /Users/dakotabrown/LevelFitness-IOS/DerivedData/Build/Intermediates.noindex/LevelFitness.build/Debug-iphonesimulator/LevelFitness.build/Objects-normal/arm64/LevelFitness.swiftmodule (in target 'LevelFitness' from project 'LevelFitness')
    cd /Users/dakotabrown/LevelFitness-IOS
    builtin-copy -exclude .DS_Store -exclude CVS -exclude .svn -exclude .git -exclude .hg -resolve-src-symlinks -rename /Users/dakotabrown/LevelFitness-IOS/DerivedData/Build/Intermediates.noindex/LevelFitness.build/Debug-iphonesimulator/LevelFitness.build/Objects-normal/arm64/LevelFitness.swiftmodule /Users/dakotabrown/LevelFitness-IOS/DerivedData/Build/Products/Debug-iphonesimulator/LevelFitness.swiftmodule/arm64-apple-ios-simulator.swiftmodule

Copy /Users/dakotabrown/LevelFitness-IOS/DerivedData/Build/Products/Debug-iphonesimulator/LevelFitness.swiftmodule/arm64-apple-ios-simulator.swiftdoc /Users/dakotabrown/LevelFitness-IOS/DerivedData/Build/Intermediates.noindex/LevelFitness.build/Debug-iphonesimulator/LevelFitness.build/Objects-normal/arm64/LevelFitness.swiftdoc (in target 'LevelFitness' from project 'LevelFitness')
    cd /Users/dakotabrown/LevelFitness-IOS
    builtin-copy -exclude .DS_Store -exclude CVS -exclude .svn -exclude .git -exclude .hg -resolve-src-symlinks -rename /Users/dakotabrown/LevelFitness-IOS/DerivedData/Build/Intermediates.noindex/LevelFitness.build/Debug-iphonesimulator/LevelFitness.build/Objects-normal/arm64/LevelFitness.swiftdoc /Users/dakotabrown/LevelFitness-IOS/DerivedData/Build/Products/Debug-iphonesimulator/LevelFitness.swiftmodule/arm64-apple-ios-simulator.swiftdoc

Copy /Users/dakotabrown/LevelFitness-IOS/DerivedData/Build/Products/Debug-iphonesimulator/LevelFitness.swiftmodule/arm64-apple-ios-simulator.abi.json /Users/dakotabrown/LevelFitness-IOS/DerivedData/Build/Intermediates.noindex/LevelFitness.build/Debug-iphonesimulator/LevelFitness.build/Objects-normal/arm64/LevelFitness.abi.json (in target 'LevelFitness' from project 'LevelFitness')
    cd /Users/dakotabrown/LevelFitness-IOS
    builtin-copy -exclude .DS_Store -exclude CVS -exclude .svn -exclude .git -exclude .hg -resolve-src-symlinks -rename /Users/dakotabrown/LevelFitness-IOS/DerivedData/Build/Intermediates.noindex/LevelFitness.build/Debug-iphonesimulator/LevelFitness.build/Objects-normal/arm64/LevelFitness.abi.json /Users/dakotabrown/LevelFitness-IOS/DerivedData/Build/Products/Debug-iphonesimulator/LevelFitness.swiftmodule/arm64-apple-ios-simulator.abi.json

Copy /Users/dakotabrown/LevelFitness-IOS/DerivedData/Build/Products/Debug-iphonesimulator/LevelFitness.swiftmodule/Project/arm64-apple-ios-simulator.swiftsourceinfo /Users/dakotabrown/LevelFitness-IOS/DerivedData/Build/Intermediates.noindex/LevelFitness.build/Debug-iphonesimulator/LevelFitness.build/Objects-normal/arm64/LevelFitness.swiftsourceinfo (in target 'LevelFitness' from project 'LevelFitness')
    cd /Users/dakotabrown/LevelFitness-IOS
    builtin-copy -exclude .DS_Store -exclude CVS -exclude .svn -exclude .git -exclude .hg -resolve-src-symlinks -rename /Users/dakotabrown/LevelFitness-IOS/DerivedData/Build/Intermediates.noindex/LevelFitness.build/Debug-iphonesimulator/LevelFitness.build/Objects-normal/arm64/LevelFitness.swiftsourceinfo /Users/dakotabrown/LevelFitness-IOS/DerivedData/Build/Products/Debug-iphonesimulator/LevelFitness.swiftmodule/Project/arm64-apple-ios-simulator.swiftsourceinfo

SwiftDriverJobDiscovery normal arm64 Compiling LeagueView.swift, EventsView.swift, LeaderboardItemView.swift, StreakCardView.swift (in target 'LevelFitness' from project 'LevelFitness')

SwiftDriverJobDiscovery normal arm64 Compiling TransactionCard.swift, TransactionHistoryView.swift, EarningsHeaderView.swift, WorkoutsViewController.swift (in target 'LevelFitness' from project 'LevelFitness')

SwiftDriverJobDiscovery normal arm64 Compiling TeamsViewController.swift, TeamCard.swift, TeamDetailViewController.swift, MessageView.swift (in target 'LevelFitness' from project 'LevelFitness')

SwiftDriverJobDiscovery normal arm64 Compiling WorkoutStatsView.swift, WorkoutCoachView.swift, CompetitionsViewController.swift, CompetitionTabNavigationView.swift (in target 'LevelFitness' from project 'LevelFitness')

SwiftDriverJobDiscovery normal arm64 Compiling TeamDetailTabNavigation.swift, EarningsViewController.swift, WalletBalanceView.swift, WalletActionButton.swift (in target 'LevelFitness' from project 'LevelFitness')

SwiftDriverJobDiscovery normal arm64 Compiling WorkoutTabNavigationView.swift, WorkoutCard.swift, WorkoutSyncSourceCard.swift, WorkoutSyncView.swift (in target 'LevelFitness' from project 'LevelFitness')

SwiftDriverJobDiscovery normal arm64 Compiling ViewController.swift, DesignSystem.swift, NavigationCard.swift, StatItem.swift, IndustrialBackgroundViews.swift (in target 'LevelFitness' from project 'LevelFitness')

SwiftDriverJobDiscovery normal arm64 Compiling MessageInputView.swift, ChallengeCard.swift, EventCard.swift, TeamDetailChatViewController.swift (in target 'LevelFitness' from project 'LevelFitness')

SwiftDriverJobDiscovery normal arm64 Compiling EventCardView.swift, ChatMessageView.swift, AppDelegate.swift, GeneratedAssetSymbols.swift (in target 'LevelFitness' from project 'LevelFitness')

SwiftDriver\ Compilation LevelFitness normal arm64 com.apple.xcode.tools.swift.compiler (in target 'LevelFitness' from project 'LevelFitness')
    cd /Users/dakotabrown/LevelFitness-IOS
    builtin-Swift-Compilation -- /Applications/Xcode.app/Contents/Developer/Toolchains/XcodeDefault.xctoolchain/usr/bin/swiftc -module-name LevelFitness -Onone -enforce-exclusivity\=checked @/Users/dakotabrown/LevelFitness-IOS/DerivedData/Build/Intermediates.noindex/LevelFitness.build/Debug-iphonesimulator/LevelFitness.build/Objects-normal/arm64/LevelFitness.SwiftFileList -DDEBUG -enable-bare-slash-regex -enable-experimental-feature DebugDescriptionMacro -sdk /Applications/Xcode.app/Contents/Developer/Platforms/iPhoneSimulator.platform/Developer/SDKs/iPhoneSimulator18.5.sdk -target arm64-apple-ios15.0-simulator -g -module-cache-path /Users/dakotabrown/LevelFitness-IOS/DerivedData/ModuleCache.noindex -Xfrontend -serialize-debugging-options -enable-testing -index-store-path /Users/dakotabrown/LevelFitness-IOS/DerivedData/Index.noindex/DataStore -swift-version 5 -I /Users/dakotabrown/LevelFitness-IOS/DerivedData/Build/Products/Debug-iphonesimulator -F /Users/dakotabrown/LevelFitness-IOS/DerivedData/Build/Products/Debug-iphonesimulator -emit-localized-strings -emit-localized-strings-path /Users/dakotabrown/LevelFitness-IOS/DerivedData/Build/Intermediates.noindex/LevelFitness.build/Debug-iphonesimulator/LevelFitness.build/Objects-normal/arm64 -c -j10 -enable-batch-mode -incremental -Xcc -ivfsstatcache -Xcc /Users/dakotabrown/LevelFitness-IOS/DerivedData/SDKStatCaches.noindex/iphonesimulator18.5-22F76-d5fc8ad4295d2ef488fb7d0f804ce0c4.sdkstatcache -output-file-map /Users/dakotabrown/LevelFitness-IOS/DerivedData/Build/Intermediates.noindex/LevelFitness.build/Debug-iphonesimulator/LevelFitness.build/Objects-normal/arm64/LevelFitness-OutputFileMap.json -use-frontend-parseable-output -save-temps -no-color-diagnostics -serialize-diagnostics -emit-dependencies -emit-module -emit-module-path /Users/dakotabrown/LevelFitness-IOS/DerivedData/Build/Intermediates.noindex/LevelFitness.build/Debug-iphonesimulator/LevelFitness.build/Objects-normal/arm64/LevelFitness.swiftmodule -validate-clang-modules-once -clang-build-session-file /Users/dakotabrown/LevelFitness-IOS/DerivedData/ModuleCache.noindex/Session.modulevalidation -Xcc -I/Users/dakotabrown/LevelFitness-IOS/DerivedData/Build/Intermediates.noindex/LevelFitness.build/Debug-iphonesimulator/LevelFitness.build/swift-overrides.hmap -emit-const-values -Xfrontend -const-gather-protocols-file -Xfrontend /Users/dakotabrown/LevelFitness-IOS/DerivedData/Build/Intermediates.noindex/LevelFitness.build/Debug-iphonesimulator/LevelFitness.build/Objects-normal/arm64/LevelFitness_const_extract_protocols.json -Xcc -iquote -Xcc /Users/dakotabrown/LevelFitness-IOS/DerivedData/Build/Intermediates.noindex/LevelFitness.build/Debug-iphonesimulator/LevelFitness.build/LevelFitness-generated-files.hmap -Xcc -I/Users/dakotabrown/LevelFitness-IOS/DerivedData/Build/Intermediates.noindex/LevelFitness.build/Debug-iphonesimulator/LevelFitness.build/LevelFitness-own-target-headers.hmap -Xcc -I/Users/dakotabrown/LevelFitness-IOS/DerivedData/Build/Intermediates.noindex/LevelFitness.build/Debug-iphonesimulator/LevelFitness.build/LevelFitness-all-target-headers.hmap -Xcc -iquote -Xcc /Users/dakotabrown/LevelFitness-IOS/DerivedData/Build/Intermediates.noindex/LevelFitness.build/Debug-iphonesimulator/LevelFitness.build/LevelFitness-project-headers.hmap -Xcc -I/Users/dakotabrown/LevelFitness-IOS/DerivedData/Build/Products/Debug-iphonesimulator/include -Xcc -I/Users/dakotabrown/LevelFitness-IOS/DerivedData/Build/Intermediates.noindex/LevelFitness.build/Debug-iphonesimulator/LevelFitness.build/DerivedSources-normal/arm64 -Xcc -I/Users/dakotabrown/LevelFitness-IOS/DerivedData/Build/Intermediates.noindex/LevelFitness.build/Debug-iphonesimulator/LevelFitness.build/DerivedSources/arm64 -Xcc -I/Users/dakotabrown/LevelFitness-IOS/DerivedData/Build/Intermediates.noindex/LevelFitness.build/Debug-iphonesimulator/LevelFitness.build/DerivedSources -Xcc -DDEBUG\=1 -emit-objc-header -emit-objc-header-path /Users/dakotabrown/LevelFitness-IOS/DerivedData/Build/Intermediates.noindex/LevelFitness.build/Debug-iphonesimulator/LevelFitness.build/Objects-normal/arm64/LevelFitness-Swift.h -working-directory /Users/dakotabrown/LevelFitness-IOS -experimental-emit-module-separately -disable-cmo

Ld /Users/dakotabrown/LevelFitness-IOS/DerivedData/Build/Products/Debug-iphonesimulator/LevelFitness.app/LevelFitness.debug.dylib normal (in target 'LevelFitness' from project 'LevelFitness')
    cd /Users/dakotabrown/LevelFitness-IOS
    /Applications/Xcode.app/Contents/Developer/Toolchains/XcodeDefault.xctoolchain/usr/bin/clang -Xlinker -reproducible -target arm64-apple-ios15.0-simulator -dynamiclib -isysroot /Applications/Xcode.app/Contents/Developer/Platforms/iPhoneSimulator.platform/Developer/SDKs/iPhoneSimulator18.5.sdk -O0 -L/Users/dakotabrown/LevelFitness-IOS/DerivedData/Build/Intermediates.noindex/EagerLinkingTBDs/Debug-iphonesimulator -L/Users/dakotabrown/LevelFitness-IOS/DerivedData/Build/Products/Debug-iphonesimulator -F/Users/dakotabrown/LevelFitness-IOS/DerivedData/Build/Intermediates.noindex/EagerLinkingTBDs/Debug-iphonesimulator -F/Users/dakotabrown/LevelFitness-IOS/DerivedData/Build/Products/Debug-iphonesimulator -filelist /Users/dakotabrown/LevelFitness-IOS/DerivedData/Build/Intermediates.noindex/LevelFitness.build/Debug-iphonesimulator/LevelFitness.build/Objects-normal/arm64/LevelFitness.LinkFileList -install_name @rpath/LevelFitness.debug.dylib -Xlinker -rpath -Xlinker @executable_path/Frameworks -dead_strip -Xlinker -object_path_lto -Xlinker /Users/dakotabrown/LevelFitness-IOS/DerivedData/Build/Intermediates.noindex/LevelFitness.build/Debug-iphonesimulator/LevelFitness.build/Objects-normal/arm64/LevelFitness_lto.o -rdynamic -Xlinker -no_deduplicate -Xlinker -objc_abi_version -Xlinker 2 -Xlinker -dependency_info -Xlinker /Users/dakotabrown/LevelFitness-IOS/DerivedData/Build/Intermediates.noindex/LevelFitness.build/Debug-iphonesimulator/LevelFitness.build/Objects-normal/arm64/LevelFitness_dependency_info.dat -fobjc-link-runtime -L/Applications/Xcode.app/Contents/Developer/Toolchains/XcodeDefault.xctoolchain/usr/lib/swift/iphonesimulator -L/usr/lib/swift -Xlinker -add_ast_path -Xlinker /Users/dakotabrown/LevelFitness-IOS/DerivedData/Build/Intermediates.noindex/LevelFitness.build/Debug-iphonesimulator/LevelFitness.build/Objects-normal/arm64/LevelFitness.swiftmodule -Xlinker -alias -Xlinker _main -Xlinker ___debug_main_executable_dylib_entry_point -Xlinker -no_adhoc_codesign -o /Users/dakotabrown/LevelFitness-IOS/DerivedData/Build/Products/Debug-iphonesimulator/LevelFitness.app/LevelFitness.debug.dylib

ConstructStubExecutorLinkFileList /Users/dakotabrown/LevelFitness-IOS/DerivedData/Build/Intermediates.noindex/LevelFitness.build/Debug-iphonesimulator/LevelFitness.build/LevelFitness-ExecutorLinkFileList-normal-arm64.txt (in target 'LevelFitness' from project 'LevelFitness')
    cd /Users/dakotabrown/LevelFitness-IOS
    construct-stub-executor-link-file-list /Users/dakotabrown/LevelFitness-IOS/DerivedData/Build/Products/Debug-iphonesimulator/LevelFitness.app/LevelFitness.debug.dylib /Applications/Xcode.app/Contents/Developer/Platforms/iPhoneSimulator.platform/Developer/usr/lib/libPreviewsJITStubExecutor_no_swift_entry_point.a /Applications/Xcode.app/Contents/Developer/Platforms/iPhoneSimulator.platform/Developer/usr/lib/libPreviewsJITStubExecutor.a --output /Users/dakotabrown/LevelFitness-IOS/DerivedData/Build/Intermediates.noindex/LevelFitness.build/Debug-iphonesimulator/LevelFitness.build/LevelFitness-ExecutorLinkFileList-normal-arm64.txt
note: Using stub executor library with Swift entry point. (in target 'LevelFitness' from project 'LevelFitness')

Ld /Users/dakotabrown/LevelFitness-IOS/DerivedData/Build/Products/Debug-iphonesimulator/LevelFitness.app/LevelFitness normal (in target 'LevelFitness' from project 'LevelFitness')
    cd /Users/dakotabrown/LevelFitness-IOS
    /Applications/Xcode.app/Contents/Developer/Toolchains/XcodeDefault.xctoolchain/usr/bin/clang -Xlinker -reproducible -target arm64-apple-ios15.0-simulator -isysroot /Applications/Xcode.app/Contents/Developer/Platforms/iPhoneSimulator.platform/Developer/SDKs/iPhoneSimulator18.5.sdk -O0 -L/Users/dakotabrown/LevelFitness-IOS/DerivedData/Build/Products/Debug-iphonesimulator -F/Users/dakotabrown/LevelFitness-IOS/DerivedData/Build/Products/Debug-iphonesimulator -Xlinker -rpath -Xlinker @executable_path -Xlinker -rpath -Xlinker @executable_path/Frameworks -rdynamic -Xlinker -no_deduplicate -Xlinker -objc_abi_version -Xlinker 2 -e ___debug_blank_executor_main -Xlinker -sectcreate -Xlinker __TEXT -Xlinker __debug_dylib -Xlinker /Users/dakotabrown/LevelFitness-IOS/DerivedData/Build/Intermediates.noindex/LevelFitness.build/Debug-iphonesimulator/LevelFitness.build/LevelFitness-DebugDylibPath-normal-arm64.txt -Xlinker -sectcreate -Xlinker __TEXT -Xlinker __debug_instlnm -Xlinker /Users/dakotabrown/LevelFitness-IOS/DerivedData/Build/Intermediates.noindex/LevelFitness.build/Debug-iphonesimulator/LevelFitness.build/LevelFitness-DebugDylibInstallName-normal-arm64.txt -Xlinker -filelist -Xlinker /Users/dakotabrown/LevelFitness-IOS/DerivedData/Build/Intermediates.noindex/LevelFitness.build/Debug-iphonesimulator/LevelFitness.build/LevelFitness-ExecutorLinkFileList-normal-arm64.txt -Xlinker -sectcreate -Xlinker __TEXT -Xlinker __entitlements -Xlinker /Users/dakotabrown/LevelFitness-IOS/DerivedData/Build/Intermediates.noindex/LevelFitness.build/Debug-iphonesimulator/LevelFitness.build/LevelFitness.app-Simulated.xcent -Xlinker -sectcreate -Xlinker __TEXT -Xlinker __ents_der -Xlinker /Users/dakotabrown/LevelFitness-IOS/DerivedData/Build/Intermediates.noindex/LevelFitness.build/Debug-iphonesimulator/LevelFitness.build/LevelFitness.app-Simulated.xcent.der /Users/dakotabrown/LevelFitness-IOS/DerivedData/Build/Products/Debug-iphonesimulator/LevelFitness.app/LevelFitness.debug.dylib -Xlinker -no_adhoc_codesign -o /Users/dakotabrown/LevelFitness-IOS/DerivedData/Build/Products/Debug-iphonesimulator/LevelFitness.app/LevelFitness

CopySwiftLibs /Users/dakotabrown/LevelFitness-IOS/DerivedData/Build/Products/Debug-iphonesimulator/LevelFitness.app (in target 'LevelFitness' from project 'LevelFitness')
    cd /Users/dakotabrown/LevelFitness-IOS
    builtin-swiftStdLibTool --copy --verbose --sign - --scan-executable /Users/dakotabrown/LevelFitness-IOS/DerivedData/Build/Products/Debug-iphonesimulator/LevelFitness.app/LevelFitness.debug.dylib --scan-folder /Users/dakotabrown/LevelFitness-IOS/DerivedData/Build/Products/Debug-iphonesimulator/LevelFitness.app/Frameworks --scan-folder /Users/dakotabrown/LevelFitness-IOS/DerivedData/Build/Products/Debug-iphonesimulator/LevelFitness.app/PlugIns --scan-folder /Users/dakotabrown/LevelFitness-IOS/DerivedData/Build/Products/Debug-iphonesimulator/LevelFitness.app/SystemExtensions --scan-folder /Users/dakotabrown/LevelFitness-IOS/DerivedData/Build/Products/Debug-iphonesimulator/LevelFitness.app/Extensions --platform iphonesimulator --toolchain /Applications/Xcode.app/Contents/Developer/Toolchains/XcodeDefault.xctoolchain --destination /Users/dakotabrown/LevelFitness-IOS/DerivedData/Build/Products/Debug-iphonesimulator/LevelFitness.app/Frameworks --strip-bitcode --strip-bitcode-tool /Applications/Xcode.app/Contents/Developer/Toolchains/XcodeDefault.xctoolchain/usr/bin/bitcode_strip --emit-dependency-info /Users/dakotabrown/LevelFitness-IOS/DerivedData/Build/Intermediates.noindex/LevelFitness.build/Debug-iphonesimulator/LevelFitness.build/SwiftStdLibToolInputDependencies.dep --filter-for-swift-os

ExtractAppIntentsMetadata (in target 'LevelFitness' from project 'LevelFitness')
    cd /Users/dakotabrown/LevelFitness-IOS
    /Applications/Xcode.app/Contents/Developer/Toolchains/XcodeDefault.xctoolchain/usr/bin/appintentsmetadataprocessor --toolchain-dir /Applications/Xcode.app/Contents/Developer/Toolchains/XcodeDefault.xctoolchain --module-name LevelFitness --sdk-root /Applications/Xcode.app/Contents/Developer/Platforms/iPhoneSimulator.platform/Developer/SDKs/iPhoneSimulator18.5.sdk --xcode-version 16F6 --platform-family iOS --deployment-target 15.0 --bundle-identifier com.levelfitness.LevelFitness --output /Users/dakotabrown/LevelFitness-IOS/DerivedData/Build/Products/Debug-iphonesimulator/LevelFitness.app --target-triple arm64-apple-ios15.0-simulator --binary-file /Users/dakotabrown/LevelFitness-IOS/DerivedData/Build/Products/Debug-iphonesimulator/LevelFitness.app/LevelFitness --dependency-file /Users/dakotabrown/LevelFitness-IOS/DerivedData/Build/Intermediates.noindex/LevelFitness.build/Debug-iphonesimulator/LevelFitness.build/Objects-normal/arm64/LevelFitness_dependency_info.dat --stringsdata-file /Users/dakotabrown/LevelFitness-IOS/DerivedData/Build/Intermediates.noindex/LevelFitness.build/Debug-iphonesimulator/LevelFitness.build/Objects-normal/arm64/ExtractedAppShortcutsMetadata.stringsdata --source-file-list /Users/dakotabrown/LevelFitness-IOS/DerivedData/Build/Intermediates.noindex/LevelFitness.build/Debug-iphonesimulator/LevelFitness.build/Objects-normal/arm64/LevelFitness.SwiftFileList --metadata-file-list /Users/dakotabrown/LevelFitness-IOS/DerivedData/Build/Intermediates.noindex/LevelFitness.build/Debug-iphonesimulator/LevelFitness.build/LevelFitness.DependencyMetadataFileList --static-metadata-file-list /Users/dakotabrown/LevelFitness-IOS/DerivedData/Build/Intermediates.noindex/LevelFitness.build/Debug-iphonesimulator/LevelFitness.build/LevelFitness.DependencyStaticMetadataFileList --swift-const-vals-list /Users/dakotabrown/LevelFitness-IOS/DerivedData/Build/Intermediates.noindex/LevelFitness.build/Debug-iphonesimulator/LevelFitness.build/Objects-normal/arm64/LevelFitness.SwiftConstValuesFileList --compile-time-extraction --deployment-aware-processing --validate-assistant-intents --no-app-shortcuts-localization
2025-08-09 11:02:30.927 appintentsmetadataprocessor[31102:436599] Starting appintentsmetadataprocessor export
2025-08-09 11:02:30.928 appintentsmetadataprocessor[31102:436599] warning: Metadata extraction skipped. No AppIntents.framework dependency found.

AppIntentsSSUTraining (in target 'LevelFitness' from project 'LevelFitness')
    cd /Users/dakotabrown/LevelFitness-IOS
    /Applications/Xcode.app/Contents/Developer/Toolchains/XcodeDefault.xctoolchain/usr/bin/appintentsnltrainingprocessor --infoplist-path /Users/dakotabrown/LevelFitness-IOS/DerivedData/Build/Products/Debug-iphonesimulator/LevelFitness.app/Info.plist --temp-dir-path /Users/dakotabrown/LevelFitness-IOS/DerivedData/Build/Intermediates.noindex/LevelFitness.build/Debug-iphonesimulator/LevelFitness.build/ssu --bundle-id com.levelfitness.LevelFitness --product-path /Users/dakotabrown/LevelFitness-IOS/DerivedData/Build/Products/Debug-iphonesimulator/LevelFitness.app --extracted-metadata-path /Users/dakotabrown/LevelFitness-IOS/DerivedData/Build/Products/Debug-iphonesimulator/LevelFitness.app/Metadata.appintents --metadata-file-list /Users/dakotabrown/LevelFitness-IOS/DerivedData/Build/Intermediates.noindex/LevelFitness.build/Debug-iphonesimulator/LevelFitness.build/LevelFitness.DependencyMetadataFileList --archive-ssu-assets
2025-08-09 11:02:30.941 appintentsnltrainingprocessor[31103:436600] Parsing options for appintentsnltrainingprocessor
2025-08-09 11:02:30.941 appintentsnltrainingprocessor[31103:436600] No AppShortcuts found - Skipping.

CodeSign /Users/dakotabrown/LevelFitness-IOS/DerivedData/Build/Products/Debug-iphonesimulator/LevelFitness.app/LevelFitness.debug.dylib (in target 'LevelFitness' from project 'LevelFitness')
    cd /Users/dakotabrown/LevelFitness-IOS
    
    Signing Identity:     "Sign to Run Locally"
    
    /usr/bin/codesign --force --sign - --timestamp\=none --generate-entitlement-der /Users/dakotabrown/LevelFitness-IOS/DerivedData/Build/Products/Debug-iphonesimulator/LevelFitness.app/LevelFitness.debug.dylib

CodeSign /Users/dakotabrown/LevelFitness-IOS/DerivedData/Build/Products/Debug-iphonesimulator/LevelFitness.app/__preview.dylib (in target 'LevelFitness' from project 'LevelFitness')
    cd /Users/dakotabrown/LevelFitness-IOS
    
    Signing Identity:     "Sign to Run Locally"
    
    /usr/bin/codesign --force --sign - --timestamp\=none --generate-entitlement-der /Users/dakotabrown/LevelFitness-IOS/DerivedData/Build/Products/Debug-iphonesimulator/LevelFitness.app/__preview.dylib

CodeSign /Users/dakotabrown/LevelFitness-IOS/DerivedData/Build/Products/Debug-iphonesimulator/LevelFitness.app (in target 'LevelFitness' from project 'LevelFitness')
    cd /Users/dakotabrown/LevelFitness-IOS
    
    Signing Identity:     "Sign to Run Locally"
    
    /usr/bin/codesign --force --sign - --timestamp\=none --generate-entitlement-der /Users/dakotabrown/LevelFitness-IOS/DerivedData/Build/Products/Debug-iphonesimulator/LevelFitness.app

RegisterExecutionPolicyException /Users/dakotabrown/LevelFitness-IOS/DerivedData/Build/Products/Debug-iphonesimulator/LevelFitness.app (in target 'LevelFitness' from project 'LevelFitness')
    cd /Users/dakotabrown/LevelFitness-IOS
    builtin-RegisterExecutionPolicyException /Users/dakotabrown/LevelFitness-IOS/DerivedData/Build/Products/Debug-iphonesimulator/LevelFitness.app

Validate /Users/dakotabrown/LevelFitness-IOS/DerivedData/Build/Products/Debug-iphonesimulator/LevelFitness.app (in target 'LevelFitness' from project 'LevelFitness')
    cd /Users/dakotabrown/LevelFitness-IOS
    builtin-validationUtility /Users/dakotabrown/LevelFitness-IOS/DerivedData/Build/Products/Debug-iphonesimulator/LevelFitness.app -infoplist-subpath Info.plist

Touch /Users/dakotabrown/LevelFitness-IOS/DerivedData/Build/Products/Debug-iphonesimulator/LevelFitness.app (in target 'LevelFitness' from project 'LevelFitness')
    cd /Users/dakotabrown/LevelFitness-IOS
    /usr/bin/touch -c /Users/dakotabrown/LevelFitness-IOS/DerivedData/Build/Products/Debug-iphonesimulator/LevelFitness.app

** BUILD SUCCEEDED **

